  Using ImageConvert to generate BitmapDatabase files
  Creating compile items for all generated source files: ..\..\generated\fonts\src\ApplicationFontProvider.cpp;..\..\generated\fonts\src\FontGetters.cpp;..\..\generated\fonts\src\Font_verdana_10_4bpp.cpp;..\..\generated\fonts\src\Font_verdana_20_4bpp.cpp;..\..\generated\fonts\src\Font_verdana_40_4bpp.cpp;..\..\generated\fonts\src\Kerning_verdana_10_4bpp.cpp;..\..\generated\fonts\src\Kerning_verdana_20_4bpp.cpp;..\..\generated\fonts\src\Kerning_verdana_40_4bpp.cpp;..\..\generated\fonts\src\Table_verdana_10_4bpp.cpp;..\..\generated\fonts\src\Table_verdana_20_4bpp.cpp;..\..\generated\fonts\src\Table_verdana_40_4bpp.cpp;..\..\generated\images\src\BitmapDatabase.cpp;..\..\generated\images\src\realbackground.cpp;..\..\generated\images\src\__designer\blue_buttons_round_edge_small.cpp;..\..\generated\images\src\__designer\blue_buttons_round_edge_small_pressed.cpp;..\..\generated\texts\src\LanguageGb.cpp;..\..\generated\texts\src\Texts.cpp;..\..\generated\texts\src\TypedTextDatabase.cpp
  FrontendApplicationBase.cpp
  Screen1ViewBase.cpp
  Screen1Presenter.cpp
  Screen1View.cpp
  main.cpp
  ApplicationFontProvider.cpp
  FontGetters.cpp
  Font_verdana_10_4bpp.cpp
  Font_verdana_20_4bpp.cpp
  Font_verdana_40_4bpp.cpp
  Kerning_verdana_10_4bpp.cpp
  Kerning_verdana_20_4bpp.cpp
  Kerning_verdana_40_4bpp.cpp
  Table_verdana_10_4bpp.cpp
  Table_verdana_20_4bpp.cpp
  Table_verdana_40_4bpp.cpp
  LanguageGb.cpp
  Texts.cpp
  TypedTextDatabase.cpp
  Application.vcxproj -> C:\TouchGFXProjects\SeniorProj\TouchGFX\simulator\msvs\..\..\build\Debug\bin\Application.exe
          1 file(s) copied.
          1 file(s) copied.
          1 file(s) copied.
          1 file(s) copied.
