Converting images
Linking TouchGFX/build/bin/target.elf
Producing additional output formats...
  target.hex   - Combined internal+external hex
  intflash.elf - Internal flash, elf debug
  intflash.hex - Internal flash, hex
  extflash.bin - External flash, binary
STM32 ST-LINK CLI v3.5.0.0
STM32 ST-LINK Command Line Interface

ST-LINK SN: 066BFF343530484D43211534
ST-LINK Firmware version: V2J31M21
Connected via SWD.
SWD Frequency = 4000K.
Target voltage = 3.2 V
Connection mode: Normal
Reset mode: Hardware reset
Device ID: 0x451 
Device flash Size: 2048 Kbytes
Device family: STM32F76x

Loading file...
Flash Programming:
  File : TouchGFX/build/bin/target.hex
  Address : 0x08000000
  External Loader File : C:\Program Files (x86)\STMicroelectronics\STM32 ST-LINK Utility\ST-LINK Utility\ExternalLoader\MX25L512G_STM32F769I-DISCO.stldr
  Device Name          : MX25L512G_STM32F769I-DISCO
  Device Start Address : 0x90000000
  Device Size          : 0x04000000
  Device Type          : Nor Flash
Memory programming...
±±±±±±±±±±±±±±±±±±±±±±±±±±±±±±±±±±±±±±±±±±±±±±±±±± 0% 0%€€€€€ 10%€€€€€€€€€€€€€€€€€€ 47%€€€€€€€€€€€€€€€€€€€ 85%€€€€€€€€ 100%
Memory programmed in 16s and 687ms.
Programming Complete.

MCU Reset.

