Converting images
Compiling TouchGFX/gui/src/screen1_screen/Screen1Presenter.cpp
Compiling TouchGFX/gui/src/screen1_screen/Screen1View.cpp
Compiling TouchGFX/generated/gui_generated/src/screen1_screen/Screen1ViewBase.cpp
Compiling TouchGFX/generated/fonts/src/Kerning_verdana_10_4bpp.cpp
Compiling TouchGFX/generated/fonts/src/Font_verdana_20_4bpp.cpp
Compiling TouchGFX/generated/fonts/src/Font_verdana_40_4bpp.cpp
Compiling TouchGFX/generated/gui_generated/src/common/FrontendApplicationBase.cpp
Compiling TouchGFX/generated/fonts/src/FontGetters.cpp
Compiling TouchGFX/generated/fonts/src/Kerning_verdana_40_4bpp.cpp
Compiling TouchGFX/generated/fonts/src/Table_verdana_10_4bpp.cpp
Compiling TouchGFX/generated/fonts/src/Kerning_verdana_20_4bpp.cpp
Compiling TouchGFX/generated/fonts/src/Font_verdana_10_4bpp.cpp
Compiling TouchGFX/generated/fonts/src/Table_verdana_40_4bpp.cpp
Compiling TouchGFX/generated/fonts/src/Table_verdana_20_4bpp.cpp
Compiling TouchGFX/generated/fonts/src/ApplicationFontProvider.cpp
Compiling TouchGFX/generated/texts/src/LanguageGb.cpp
Compiling TouchGFX/generated/texts/src/TypedTextDatabase.cpp
Compiling TouchGFX/generated/texts/src/Texts.cpp
Compiling TouchGFX/target/BoardConfiguration.cpp
Linking TouchGFX/build/bin/target.elf
Producing additional output formats...
  target.hex   - Combined internal+external hex
  intflash.elf - Internal flash, elf debug
  intflash.hex - Internal flash, hex
  extflash.bin - External flash, binary
